<?xml version="1.0" encoding="UTF-8"?>
<testsuite xmlns:xsi="http://www.w3.org/2001/XMLSchema-instance" xsi:noNamespaceSchemaLocation="https://maven.apache.org/surefire/maven-surefire-plugin/xsd/surefire-test-report-3.0.xsd" version="3.0" name="com.homework.MainTest" time="0.118" tests="18" errors="0" skipped="0" failures="0">
  <properties>
    <property name="java.specification.version" value="23"/>
    <property name="sun.cpu.isalist" value="amd64"/>
    <property name="sun.jnu.encoding" value="Cp1255"/>
    <property name="java.class.path" value="C:\jbh\homework3\target\test-classes;C:\jbh\homework3\target\classes;C:\Users\micha\.m2\repository\org\junit\jupiter\junit-jupiter-api\5.9.2\junit-jupiter-api-5.9.2.jar;C:\Users\micha\.m2\repository\org\opentest4j\opentest4j\1.2.0\opentest4j-1.2.0.jar;C:\Users\micha\.m2\repository\org\junit\platform\junit-platform-commons\1.9.2\junit-platform-commons-1.9.2.jar;C:\Users\micha\.m2\repository\org\apiguardian\apiguardian-api\1.1.2\apiguardian-api-1.1.2.jar;C:\Users\micha\.m2\repository\org\junit\jupiter\junit-jupiter-engine\5.9.2\junit-jupiter-engine-5.9.2.jar;C:\Users\micha\.m2\repository\org\junit\platform\junit-platform-engine\1.9.2\junit-platform-engine-1.9.2.jar;"/>
    <property name="java.vm.vendor" value="Oracle Corporation"/>
    <property name="sun.arch.data.model" value="64"/>
    <property name="user.variant" value=""/>
    <property name="java.vendor.url" value="https://java.oracle.com/"/>
    <property name="user.timezone" value="Asia/Jerusalem"/>
    <property name="os.name" value="Windows 11"/>
    <property name="java.vm.specification.version" value="23"/>
    <property name="sun.java.launcher" value="SUN_STANDARD"/>
    <property name="user.country" value="IL"/>
    <property name="sun.boot.library.path" value="C:\Program Files\Java\jdk-23\bin"/>
    <property name="sun.java.command" value="C:\Users\micha\AppData\Local\Temp\surefire5490415473255989361\surefirebooter-20250226000723146_3.jar C:\Users\micha\AppData\Local\Temp\surefire5490415473255989361 2025-02-26T00-07-22_647-jvmRun1 surefire-20250226000723146_1tmp surefire_0-20250226000723146_2tmp"/>
    <property name="jdk.debug" value="release"/>
    <property name="surefire.test.class.path" value="C:\jbh\homework3\target\test-classes;C:\jbh\homework3\target\classes;C:\Users\micha\.m2\repository\org\junit\jupiter\junit-jupiter-api\5.9.2\junit-jupiter-api-5.9.2.jar;C:\Users\micha\.m2\repository\org\opentest4j\opentest4j\1.2.0\opentest4j-1.2.0.jar;C:\Users\micha\.m2\repository\org\junit\platform\junit-platform-commons\1.9.2\junit-platform-commons-1.9.2.jar;C:\Users\micha\.m2\repository\org\apiguardian\apiguardian-api\1.1.2\apiguardian-api-1.1.2.jar;C:\Users\micha\.m2\repository\org\junit\jupiter\junit-jupiter-engine\5.9.2\junit-jupiter-engine-5.9.2.jar;C:\Users\micha\.m2\repository\org\junit\platform\junit-platform-engine\1.9.2\junit-platform-engine-1.9.2.jar;"/>
    <property name="sun.cpu.endian" value="little"/>
    <property name="user.home" value="C:\Users\micha"/>
    <property name="user.language" value="he"/>
    <property name="java.specification.vendor" value="Oracle Corporation"/>
    <property name="java.version.date" value="2025-01-21"/>
    <property name="java.home" value="C:\Program Files\Java\jdk-23"/>
    <property name="file.separator" value="\"/>
    <property name="basedir" value="C:\jbh\homework3"/>
    <property name="java.vm.compressedOopsMode" value="Zero based"/>
    <property name="line.separator" value="&#10;"/>
    <property name="java.vm.specification.vendor" value="Oracle Corporation"/>
    <property name="java.specification.name" value="Java Platform API Specification"/>
    <property name="surefire.real.class.path" value="C:\Users\micha\AppData\Local\Temp\surefire5490415473255989361\surefirebooter-20250226000723146_3.jar"/>
    <property name="user.script" value=""/>
    <property name="sun.management.compiler" value="HotSpot 64-Bit Tiered Compilers"/>
    <property name="java.runtime.version" value="23.0.2+7-58"/>
    <property name="user.name" value="michael"/>
    <property name="stdout.encoding" value="Cp1255"/>
    <property name="path.separator" value=";"/>
    <property name="os.version" value="10.0"/>
    <property name="java.runtime.name" value="Java(TM) SE Runtime Environment"/>
    <property name="file.encoding" value="UTF-8"/>
    <property name="java.vm.name" value="Java HotSpot(TM) 64-Bit Server VM"/>
    <property name="localRepository" value="C:\Users\micha\.m2\repository"/>
    <property name="java.vendor.url.bug" value="https://bugreport.java.com/bugreport/"/>
    <property name="java.io.tmpdir" value="C:\Users\micha\AppData\Local\Temp\"/>
    <property name="java.version" value="23.0.2"/>
    <property name="user.dir" value="C:\jbh\homework3"/>
    <property name="os.arch" value="amd64"/>
    <property name="java.vm.specification.name" value="Java Virtual Machine Specification"/>
    <property name="sun.os.patch.level" value=""/>
    <property name="native.encoding" value="Cp1255"/>
    <property name="java.library.path" value="C:\Program Files\Java\jdk-23\bin;C:\WINDOWS\Sun\Java\bin;C:\WINDOWS\system32;C:\WINDOWS;C:\Users\micha\bin;C:\Program Files\Git\mingw64\bin;C:\Program Files\Git\usr\local\bin;C:\Program Files\Git\usr\bin;C:\Program Files\Git\usr\bin;C:\Program Files\Git\mingw64\bin;C:\Program Files\Git\usr\bin;C:\Users\micha\bin;C:\Program Files\Common Files\Oracle\Java\javapath;C:\WINDOWS\system32;C:\WINDOWS;C:\WINDOWS\System32\Wbem;C:\WINDOWS\System32\WindowsPowerShell\v1.0;C:\WINDOWS\System32\OpenSSH;C:\Program Files\HP\HP One Agent;C:\Program Files\Git\cmd;C:\Program Files\nodejs;C:\Program Files\Docker\Docker\resources\bin;C:\Program Files\maven\bin;C:\Users\micha\AppData\Local\Microsoft\WindowsApps;C:\Users\micha\AppData\Local\Programs\Microsoft VS Code\bin;C:\Program Files\JetBrains\IntelliJ IDEA 2024.3.2.2\bin;C:\Users\micha\AppData\Local\GitHubDesktop\bin;C:\Users\micha\AppData\Roaming\npm;C:\Program Files\Git\usr\bin\vendor_perl;C:\Program Files\Git\usr\bin\core_perl;."/>
    <property name="java.vm.info" value="mixed mode, sharing"/>
    <property name="stderr.encoding" value="Cp1255"/>
    <property name="java.vendor" value="Oracle Corporation"/>
    <property name="java.vm.version" value="23.0.2+7-58"/>
    <property name="sun.io.unicode.encoding" value="UnicodeLittle"/>
    <property name="java.class.version" value="67.0"/>
  </properties>
  <testcase name="testAddNumbersIntStringBasic" classname="com.homework.MainTest" time="0.049">
    <system-out><![CDATA[v testAddNumbersIntStringBasic passed
]]></system-out>
  </testcase>
  <testcase name="testAddNumbersIntStringOverflow" classname="com.homework.MainTest" time="0">
    <system-out><![CDATA[Error (Tergil 7 a): integer overflow when adding 2147483647 and 1
v testAddNumbersIntStringOverflow passed
]]></system-out>
  </testcase>
  <testcase name="testAddNumbersStringBasic" classname="com.homework.MainTest" time="0.015">
    <system-out><![CDATA[v testAddNumbersStringBasic passed
]]></system-out>
  </testcase>
  <testcase name="testAddNumbersStringOverflow" classname="com.homework.MainTest" time="0">
    <system-out><![CDATA[Error (Tergil 6): integer overflow when adding 2147483647 and 1
v testAddNumbersStringOverflow passed
]]></system-out>
  </testcase>
  <testcase name="testAddNumbersStringIntBasic" classname="com.homework.MainTest" time="0">
    <system-out><![CDATA[v testAddNumbersStringIntBasic passed
]]></system-out>
  </testcase>
  <testcase name="testAddNumbersStringIntOverflow" classname="com.homework.MainTest" time="0">
    <system-out><![CDATA[Error (Tergil 7 b): integer overflow when adding 2147483647 and 1
v testAddNumbersStringIntOverflow passed
]]></system-out>
  </testcase>
  <testcase name="testAbsWithIntegerMaxValue" classname="com.homework.MainTest" time="0">
    <system-out><![CDATA[v testAbsWithIntegerMaxValue passed
]]></system-out>
  </testcase>
  <testcase name="testAddNumbersStringInvalid" classname="com.homework.MainTest" time="0.014">
    <system-out><![CDATA[Error (Tergil 6): cannot parse abc as a number
v testAddNumbersStringInvalid passed
]]></system-out>
  </testcase>
  <testcase name="testAddNumbersBasic" classname="com.homework.MainTest" time="0.001">
    <system-out><![CDATA[v testAddNumbersBasic passed
]]></system-out>
  </testcase>
  <testcase name="testAbsNegativeValues" classname="com.homework.MainTest" time="0.003">
    <system-out><![CDATA[v testAbsNegativeValues passed
]]></system-out>
  </testcase>
  <testcase name="testAddNumbersOverflow" classname="com.homework.MainTest" time="0">
    <system-out><![CDATA[Error (Tergil 5): integer overflow when adding 2147483647 and 1
v testAddNumbersOverflow passed
]]></system-out>
  </testcase>
  <testcase name="testAddNumbersStringIntInvalid" classname="com.homework.MainTest" time="0">
    <system-out><![CDATA[Error (Tergil 7 b): cannot parse abc as a number
v testAddNumbersStringIntInvalid passed
]]></system-out>
  </testcase>
  <testcase name="testAbsPositiveValues" classname="com.homework.MainTest" time="0">
    <system-out><![CDATA[v testAbsPositiveValues passed
]]></system-out>
  </testcase>
  <testcase name="testAddNumbersNegative" classname="com.homework.MainTest" time="0">
    <system-out><![CDATA[v testAddNumbersNegative passed
]]></system-out>
  </testcase>
  <testcase name="testAddNumbersIntStringInvalid" classname="com.homework.MainTest" time="0">
    <system-out><![CDATA[Error (Tergil 7 a): cannot parse abc as a number
v testAddNumbersIntStringInvalid passed
]]></system-out>
  </testcase>
  <testcase name="testFinalResult" classname="com.homework.MainTest" time="0.008">
    <system-out><![CDATA[âœ” All tests passed successfully!
]]></system-out>
  </testcase>
  <testcase name="testAbsWithIntegerMinValue" classname="com.homework.MainTest" time="0.002">
    <system-out><![CDATA[v testAbsWithIntegerMinValue passed
]]></system-out>
  </testcase>
  <testcase name="testAbsWithMixedValues" classname="com.homework.MainTest" time="0.001">
    <system-out><![CDATA[v testAbsWithMixedValues passed
]]></system-out>
  </testcase>
</testsuite>